#
# A fatal error has been detected by the Java Runtime Environment:
#
#  EXCEPTION_ACCESS_VIOLATION (0xc0000005) at pc=0x00000000641568ec, pid=29344, tid=0x0000000000005d5c
#
# JRE version: Java(TM) SE Runtime Environment (8.0_171-b11) (build 1.8.0_171-b11)
# Java VM: Java HotSpot(TM) 64-Bit Server VM (25.171-b11 mixed mode windows-amd64 compressed oops)
# Problematic frame:
# V  [jvm.dll+0x768ec]
#
# Failed to write core dump. Minidumps are not enabled by default on client versions of Windows
#
# If you would like to submit a bug report, please visit:
#   http://bugreport.java.com/bugreport/crash.jsp
#

---------------  T H R E A D  ---------------

Current thread (0x000000001cb47800):  VMThread [stack: 0x000000001dbf0000,0x000000001dcf0000] [id=23900]

siginfo: ExceptionCode=0xc0000005, reading address 0x0000000000000000

Registers:
RAX=0x0000000000000000, RBX=0x0000000021066b00, RCX=0x0000000000000003, RDX=0x0000000000000002
RSP=0x000000001dceed80, RBP=0x000000001dceedf0, RSI=0x0000000021900cb0, RDI=0x000000001dceefb0
R8 =0x0000000000000002, R9 =0x0000000000000001, R10=0x0000000000000000, R11=0x000000001f3b0ca8
R12=0x000000000000c7b8, R13=0x000000000000c7b8, R14=0x0000000000003534, R15=0x000000001dceee20
RIP=0x00000000641568ec, EFLAGS=0x0000000000010246

Top of Stack: (sp=0x000000001dceed80)
0x000000001dceed80:   0000000000000000 0000000064206adf
0x000000001dceed90:   00000000648b8b10 0000000064737eb0
0x000000001dceeda0:   0000000064737eb0 0000000000000000
0x000000001dceedb0:   00000000648b8b80 00000000648b8b10
0x000000001dceedc0:   000000001dceef20 00000000641569cc
0x000000001dceedd0:   000000001dceefc8 0000000000000004
0x000000001dceede0:   000000001dceefb0 0000000000000000
0x000000001dceedf0:   0000008c000094c7 0000000020fa7298
0x000000001dceee00:   000000001f02ec48 0000000000000000
0x000000001dceee10:   0000000000000000 00000000644df53a
0x000000001dceee20:   0000000000046b89 000000001ca55520
0x000000001dceee30:   0000000000000000 0000000064737eb0
0x000000001dceee40:   00000000648b8b10 0000000000000008
0x000000001dceee50:   00000000648b8b10 0000000000000008
0x000000001dceee60:   0000000000000000 00000000000002a1
0x000000001dceee70:   0000000000000146 0000000000000003 

Instructions: (pc=0x00000000641568ec)
0x00000000641568cc:   00 0f 1f 00 f6 43 08 01 74 09 83 3d 8b e7 79 00
0x00000000641568dc:   00 74 71 4c 8b 53 10 4c 63 0d b6 38 75 00 33 c0
0x00000000641568ec:   41 0f b7 0a 85 c9 0f 4f c1 48 63 d0 48 83 c2 0f
0x00000000641568fc:   48 c1 ea 03 42 8d 44 0a ff 4c 63 c0 41 8d 41 ff 


Register to memory mapping:

RAX=0x0000000000000000 is an unknown value
RBX=0x0000000021066b00 is an unknown value
RCX=0x0000000000000003 is an unknown value
RDX=0x0000000000000002 is an unknown value
RSP=0x000000001dceed80 is an unknown value
RBP=0x000000001dceedf0 is an unknown value
RSI=0x0000000021900cb0 is an unknown value
RDI=0x000000001dceefb0 is an unknown value
R8 =0x0000000000000002 is an unknown value
R9 =0x0000000000000001 is an unknown value
R10=0x0000000000000000 is an unknown value
R11=0x000000001f3b0ca8 is an unknown value
R12=0x000000000000c7b8 is an unknown value
R13=0x000000000000c7b8 is an unknown value
R14=0x0000000000003534 is an unknown value
R15=0x000000001dceee20 is an unknown value


Stack: [0x000000001dbf0000,0x000000001dcf0000],  sp=0x000000001dceed80,  free space=1019k
Native frames: (J=compiled Java code, j=interpreted, Vv=VM code, C=native code)
V  [jvm.dll+0x768ec]
V  [jvm.dll+0x769cc]
V  [jvm.dll+0x3ff53a]
V  [jvm.dll+0x40083a]
V  [jvm.dll+0x400e5b]
V  [jvm.dll+0xb0295]
V  [jvm.dll+0x291d1c]
V  [jvm.dll+0x24c9b7]
V  [jvm.dll+0x24bc56]
V  [jvm.dll+0x24c0f1]
V  [jvm.dll+0x24c30e]
V  [jvm.dll+0x29d40a]
C  [msvcr100.dll+0x21d9f]
C  [msvcr100.dll+0x21e3b]
C  [KERNEL32.DLL+0x12784]
C  [ntdll.dll+0x50c31]

VM_Operation (0x0000000022bc7930): CollectForMetadataAllocation, mode: safepoint, requested by thread 0x000000002127a000


---------------  P R O C E S S  ---------------

Java Threads: ( => current thread )
  0x000000002127d000 JavaThread "HikariPool-1 connection adder" daemon [_thread_in_native, id=21116, stack(0x00000000230d0000,0x00000000231d0000)]
  0x000000002127f000 JavaThread "HikariPool-1 housekeeper" daemon [_thread_blocked, id=26052, stack(0x0000000022fd0000,0x00000000230d0000)]
  0x000000002127c000 JavaThread "PostgreSQL-JDBC-SharedTimer-1" daemon [_thread_blocked, id=27628, stack(0x0000000022ed0000,0x0000000022fd0000)]
  0x000000002127a000 JavaThread "localhost-startStop-1" daemon [_thread_blocked, id=12944, stack(0x0000000022ad0000,0x0000000022bd0000)]
  0x000000002127e800 JavaThread "Tomcat-startStop-1" daemon [_thread_blocked, id=19080, stack(0x00000000229d0000,0x0000000022ad0000)]
  0x000000001f4b7000 JavaThread "restartedMain" [_thread_blocked, id=17880, stack(0x0000000020600000,0x0000000020700000)]
  0x000000001f4ae800 JavaThread "Thread-2" [_thread_blocked, id=14256, stack(0x0000000020300000,0x0000000020400000)]
  0x000000001f111800 JavaThread "JMX server connection timeout 17" daemon [_thread_blocked, id=22320, stack(0x0000000020200000,0x0000000020300000)]
  0x000000001f0c6000 JavaThread "RMI TCP Connection(2)-127.0.0.1" daemon [_thread_blocked, id=29232, stack(0x0000000020100000,0x0000000020200000)]
  0x000000001f0c5000 JavaThread "RMI Scheduler(0)" daemon [_thread_blocked, id=5556, stack(0x0000000020000000,0x0000000020100000)]
  0x000000001f0ca800 JavaThread "RMI TCP Connection(1)-127.0.0.1" daemon [_thread_in_native, id=16284, stack(0x000000001fd00000,0x000000001fe00000)]
  0x000000001ef52000 JavaThread "RMI TCP Accept-0" daemon [_thread_in_native, id=10432, stack(0x000000001f720000,0x000000001f820000)]
  0x000000001ef4e000 JavaThread "RMI TCP Accept-53591" daemon [_thread_in_native, id=16712, stack(0x000000001f620000,0x000000001f720000)]
  0x000000001ef40000 JavaThread "RMI TCP Accept-0" daemon [_thread_in_native, id=8836, stack(0x000000001f520000,0x000000001f620000)]
  0x000000001e30e000 JavaThread "Service Thread" daemon [_thread_blocked, id=1824, stack(0x000000001e8e0000,0x000000001e9e0000)]
  0x000000001cbde000 JavaThread "C1 CompilerThread2" daemon [_thread_blocked, id=24932, stack(0x000000001e7e0000,0x000000001e8e0000)]
  0x000000001cbdd800 JavaThread "C2 CompilerThread1" daemon [_thread_blocked, id=30476, stack(0x000000001e6e0000,0x000000001e7e0000)]
  0x000000001cb8a000 JavaThread "C2 CompilerThread0" daemon [_thread_blocked, id=30048, stack(0x000000001e1e0000,0x000000001e2e0000)]
  0x000000001cb88800 JavaThread "Attach Listener" daemon [_thread_blocked, id=25568, stack(0x000000001e0e0000,0x000000001e1e0000)]
  0x000000001cb87800 JavaThread "Signal Dispatcher" daemon [_thread_blocked, id=30764, stack(0x000000001dfe0000,0x000000001e0e0000)]
  0x000000001cb70000 JavaThread "Finalizer" daemon [_thread_blocked, id=26756, stack(0x000000001ddf0000,0x000000001def0000)]
  0x00000000025f6800 JavaThread "Reference Handler" daemon [_thread_blocked, id=19368, stack(0x000000001dcf0000,0x000000001ddf0000)]
  0x0000000002507800 JavaThread "main" [_thread_blocked, id=24024, stack(0x00000000034a0000,0x00000000035a0000)]

Other Threads:
=>0x000000001cb47800 VMThread [stack: 0x000000001dbf0000,0x000000001dcf0000] [id=23900]
  0x000000001ef5c000 WatcherThread [stack: 0x000000001f820000,0x000000001f920000] [id=30968]

VM state:at safepoint (normal execution)

VM Mutex/Monitor currently owned by a thread:  ([mutex/lock_event])
[0x0000000002504f20] Threads_lock - owner thread: 0x000000001cb47800
[0x0000000002504120] Heap_lock - owner thread: 0x000000002127a000

Heap:
 PSYoungGen      total 179712K, used 15847K [0x000000076b600000, 0x000000077d700000, 0x00000007c0000000)
  eden space 163840K, 0% used [0x000000076b600000,0x000000076b600000,0x0000000775600000)
  from space 15872K, 99% used [0x0000000775600000,0x0000000776579c60,0x0000000776580000)
  to   space 19968K, 0% used [0x000000077c380000,0x000000077c380000,0x000000077d700000)
 ParOldGen       total 94208K, used 13547K [0x00000006c2200000, 0x00000006c7e00000, 0x000000076b600000)
  object space 94208K, 14% used [0x00000006c2200000,0x00000006c2f3acc0,0x00000006c7e00000)
 Metaspace       used 33736K, capacity 35328K, committed 35416K, reserved 1079296K
  class space    used 4628K, capacity 4961K, committed 4992K, reserved 1048576K

Card table byte_map: [0x00000000129c0000,0x00000000131b0000] byte_map_base: 0x000000000f3af000

Marking Bits: (ParMarkBitMap*) 0x00000000649008c0
 Begin Bits: [0x0000000013b00000, 0x0000000017a78000)
 End Bits:   [0x0000000017a78000, 0x000000001b9f0000)

Polling page: 0x0000000000b00000

CodeCache: size=245760Kb used=7850Kb max_used=7850Kb free=237909Kb
 bounds [0x0000000003600000, 0x0000000003db0000, 0x0000000012600000]
 total_blobs=4187 nmethods=3758 adapters=339
 compilation: enabled

Compilation events (10 events):
Event: 12.406 Thread 0x000000001cbde000 3781       1       org.springframework.boot.devtools.restart.classloader.ClassLoaderFiles::getSourceFolders (13 bytes)
Event: 12.407 Thread 0x000000001cbde000 nmethod 3781 0x0000000003da7410 code [0x0000000003da7580, 0x0000000003da77d8]
Event: 12.407 Thread 0x000000001cbde000 3782   !   1       org.springframework.boot.devtools.restart.ClassLoaderFilesResourcePatternResolver::isDeleted (175 bytes)
Event: 12.409 Thread 0x000000001cbde000 nmethod 3782 0x0000000003da7910 code [0x0000000003da7c00, 0x0000000003da8778]
Event: 12.427 Thread 0x000000001cbde000 3783   !   1       org.springframework.core.type.classreading.CachingMetadataReaderFactory::getMetadataReader (115 bytes)
Event: 12.428 Thread 0x000000001cbde000 nmethod 3783 0x0000000003da9510 code [0x0000000003da9700, 0x0000000003da9dd8]
Event: 12.429 Thread 0x000000001cbde000 3784       1       java.io.File::canRead (34 bytes)
Event: 12.430 Thread 0x000000001cbde000 nmethod 3784 0x0000000003daa5d0 code [0x0000000003daa740, 0x0000000003daa908]
Event: 12.469 Thread 0x000000001cbde000 3786       1       java.lang.invoke.LambdaForm$BMH/901823430::reinvoke (89 bytes)
Event: 12.470 Thread 0x000000001cbde000 nmethod 3786 0x0000000003daa9d0 code [0x0000000003daab60, 0x0000000003daae68]

GC Heap History (10 events):
Event: 3.575 GC heap after
Heap after GC invocations=4 (full 1):
 PSYoungGen      total 75776K, used 0K [0x000000076b600000, 0x0000000774a00000, 0x00000007c0000000)
  eden space 65024K, 0% used [0x000000076b600000,0x000000076b600000,0x000000076f580000)
  from space 10752K, 0% used [0x000000076f580000,0x000000076f580000,0x0000000770000000)
  to   space 10752K, 0% used [0x0000000773f80000,0x0000000773f80000,0x0000000774a00000)
 ParOldGen       total 94208K, used 6865K [0x00000006c2200000, 0x00000006c7e00000, 0x000000076b600000)
  object space 94208K, 7% used [0x00000006c2200000,0x00000006c28b4490,0x00000006c7e00000)
 Metaspace       used 20544K, capacity 21098K, committed 21248K, reserved 1067008K
  class space    used 2792K, capacity 2957K, committed 3072K, reserved 1048576K
}
Event: 5.344 GC heap before
{Heap before GC invocations=5 (full 1):
 PSYoungGen      total 75776K, used 65024K [0x000000076b600000, 0x0000000774a00000, 0x00000007c0000000)
  eden space 65024K, 100% used [0x000000076b600000,0x000000076f580000,0x000000076f580000)
  from space 10752K, 0% used [0x000000076f580000,0x000000076f580000,0x0000000770000000)
  to   space 10752K, 0% used [0x0000000773f80000,0x0000000773f80000,0x0000000774a00000)
 ParOldGen       total 94208K, used 6865K [0x00000006c2200000, 0x00000006c7e00000, 0x000000076b600000)
  object space 94208K, 7% used [0x00000006c2200000,0x00000006c28b4490,0x00000006c7e00000)
 Metaspace       used 23386K, capacity 24210K, committed 24448K, reserved 1071104K
  class space    used 3217K, capacity 3422K, committed 3456K, reserved 1048576K
Event: 5.358 GC heap after
Heap after GC invocations=5 (full 1):
 PSYoungGen      total 114176K, used 8329K [0x000000076b600000, 0x0000000774800000, 0x00000007c0000000)
  eden space 105472K, 0% used [0x000000076b600000,0x000000076b600000,0x0000000771d00000)
  from space 8704K, 95% used [0x0000000773f80000,0x00000007747a2630,0x0000000774800000)
  to   space 10752K, 0% used [0x0000000773300000,0x0000000773300000,0x0000000773d80000)
 ParOldGen       total 94208K, used 6937K [0x00000006c2200000, 0x00000006c7e00000, 0x000000076b600000)
  object space 94208K, 7% used [0x00000006c2200000,0x00000006c28c64a0,0x00000006c7e00000)
 Metaspace       used 23386K, capacity 24210K, committed 24448K, reserved 1071104K
  class space    used 3217K, capacity 3422K, committed 3456K, reserved 1048576K
}
Event: 7.229 GC heap before
{Heap before GC invocations=6 (full 1):
 PSYoungGen      total 114176K, used 113801K [0x000000076b600000, 0x0000000774800000, 0x00000007c0000000)
  eden space 105472K, 100% used [0x000000076b600000,0x0000000771d00000,0x0000000771d00000)
  from space 8704K, 95% used [0x0000000773f80000,0x00000007747a2630,0x0000000774800000)
  to   space 10752K, 0% used [0x0000000773300000,0x0000000773300000,0x0000000773d80000)
 ParOldGen       total 94208K, used 6937K [0x00000006c2200000, 0x00000006c7e00000, 0x000000076b600000)
  object space 94208K, 7% used [0x00000006c2200000,0x00000006c28c64a0,0x00000006c7e00000)
 Metaspace       used 25929K, capacity 26916K, committed 27264K, reserved 1073152K
  class space    used 3637K, capacity 3863K, committed 3968K, reserved 1048576K
Event: 7.245 GC heap after
Heap after GC invocations=6 (full 1):
 PSYoungGen      total 138752K, used 10741K [0x000000076b600000, 0x0000000777200000, 0x00000007c0000000)
  eden space 128000K, 0% used [0x000000076b600000,0x000000076b600000,0x0000000773300000)
  from space 10752K, 99% used [0x0000000773300000,0x0000000773d7d590,0x0000000773d80000)
  to   space 12800K, 0% used [0x0000000776580000,0x0000000776580000,0x0000000777200000)
 ParOldGen       total 94208K, used 7851K [0x00000006c2200000, 0x00000006c7e00000, 0x000000076b600000)
  object space 94208K, 8% used [0x00000006c2200000,0x00000006c29aae90,0x00000006c7e00000)
 Metaspace       used 25929K, capacity 26916K, committed 27264K, reserved 1073152K
  class space    used 3637K, capacity 3863K, committed 3968K, reserved 1048576K
}
Event: 9.346 GC heap before
{Heap before GC invocations=7 (full 1):
 PSYoungGen      total 138752K, used 138741K [0x000000076b600000, 0x0000000777200000, 0x00000007c0000000)
  eden space 128000K, 100% used [0x000000076b600000,0x0000000773300000,0x0000000773300000)
  from space 10752K, 99% used [0x0000000773300000,0x0000000773d7d590,0x0000000773d80000)
  to   space 12800K, 0% used [0x0000000776580000,0x0000000776580000,0x0000000777200000)
 ParOldGen       total 94208K, used 7851K [0x00000006c2200000, 0x00000006c7e00000, 0x000000076b600000)
  object space 94208K, 8% used [0x00000006c2200000,0x00000006c29aae90,0x00000006c7e00000)
 Metaspace       used 30129K, capacity 31686K, committed 32000K, reserved 1077248K
  class space    used 4214K, capacity 4534K, committed 4608K, reserved 1048576K
Event: 9.387 GC heap after
Heap after GC invocations=7 (full 1):
 PSYoungGen      total 176640K, used 12781K [0x000000076b600000, 0x0000000779b80000, 0x00000007c0000000)
  eden space 163840K, 0% used [0x000000076b600000,0x000000076b600000,0x0000000775600000)
  from space 12800K, 99% used [0x0000000776580000,0x00000007771fb758,0x0000000777200000)
  to   space 15872K, 0% used [0x0000000775600000,0x0000000775600000,0x0000000776580000)
 ParOldGen       total 94208K, used 10630K [0x00000006c2200000, 0x00000006c7e00000, 0x000000076b600000)
  object space 94208K, 11% used [0x00000006c2200000,0x00000006c2c61a60,0x00000006c7e00000)
 Metaspace       used 30129K, capacity 31686K, committed 32000K, reserved 1077248K
  class space    used 4214K, capacity 4534K, committed 4608K, reserved 1048576K
}
Event: 12.492 GC heap before
{Heap before GC invocations=8 (full 1):
 PSYoungGen      total 176640K, used 136459K [0x000000076b600000, 0x0000000779b80000, 0x00000007c0000000)
  eden space 163840K, 75% used [0x000000076b600000,0x0000000772ec7590,0x0000000775600000)
  from space 12800K, 99% used [0x0000000776580000,0x00000007771fb758,0x0000000777200000)
  to   space 15872K, 0% used [0x0000000775600000,0x0000000775600000,0x0000000776580000)
 ParOldGen       total 94208K, used 10630K [0x00000006c2200000, 0x00000006c7e00000, 0x000000076b600000)
  object space 94208K, 11% used [0x00000006c2200000,0x00000006c2c61a60,0x00000006c7e00000)
 Metaspace       used 33736K, capacity 35328K, committed 35416K, reserved 1079296K
  class space    used 4628K, capacity 4961K, committed 4992K, reserved 1048576K
Event: 12.530 GC heap after
Heap after GC invocations=8 (full 1):
 PSYoungGen      total 179712K, used 15847K [0x000000076b600000, 0x000000077d700000, 0x00000007c0000000)
  eden space 163840K, 0% used [0x000000076b600000,0x000000076b600000,0x0000000775600000)
  from space 15872K, 99% used [0x0000000775600000,0x0000000776579c60,0x0000000776580000)
  to   space 19968K, 0% used [0x000000077c380000,0x000000077c380000,0x000000077d700000)
 ParOldGen       total 94208K, used 13547K [0x00000006c2200000, 0x00000006c7e00000, 0x000000076b600000)
  object space 94208K, 14% used [0x00000006c2200000,0x00000006c2f3acc0,0x00000006c7e00000)
 Metaspace       used 33736K, capacity 35328K, committed 35416K, reserved 1079296K
  class space    used 4628K, capacity 4961K, committed 4992K, reserved 1048576K
}
Event: 12.530 GC heap before
{Heap before GC invocations=9 (full 2):
 PSYoungGen      total 179712K, used 15847K [0x000000076b600000, 0x000000077d700000, 0x00000007c0000000)
  eden space 163840K, 0% used [0x000000076b600000,0x000000076b600000,0x0000000775600000)
  from space 15872K, 99% used [0x0000000775600000,0x0000000776579c60,0x0000000776580000)
  to   space 19968K, 0% used [0x000000077c380000,0x000000077c380000,0x000000077d700000)
 ParOldGen       total 94208K, used 13547K [0x00000006c2200000, 0x00000006c7e00000, 0x000000076b600000)
  object space 94208K, 14% used [0x00000006c2200000,0x00000006c2f3acc0,0x00000006c7e00000)
 Metaspace       used 33736K, capacity 35328K, committed 35416K, reserved 1079296K
  class space    used 4628K, capacity 4961K, committed 4992K, reserved 1048576K

Deoptimization events (0 events):
No events

Classes redefined (0 events):
No events

Internal exceptions (10 events):
Event: 12.306 Thread 0x000000002127a000 Exception <a 'java/lang/ClassNotFoundException': org/springframework/context/weaving/LoadTimeWeaverAwareCustomizer> (0x00000007728fa0a0) thrown at [C:\re\workspace\8-2-build-windows-amd64-cygwin\jdk8u171\10807\hotspot\src\share\vm\classfile\systemDictiona
Event: 12.309 Thread 0x000000002127a000 Exception <a 'java/lang/ClassNotFoundException': org/springframework/beans/factory/FactoryBeanCustomizer> (0x0000000772913010) thrown at [C:\re\workspace\8-2-build-windows-amd64-cygwin\jdk8u171\10807\hotspot\src\share\vm\classfile\systemDictionary.cpp, li
Event: 12.312 Thread 0x000000002127a000 Exception <a 'java/lang/ClassNotFoundException': org/springframework/beans/factory/BeanClassLoaderAwareCustomizer> (0x0000000772930448) thrown at [C:\re\workspace\8-2-build-windows-amd64-cygwin\jdk8u171\10807\hotspot\src\share\vm\classfile\systemDictionar
Event: 12.313 Thread 0x000000002127a000 Exception <a 'java/lang/ClassNotFoundException': org/springframework/beans/factory/BeanFactoryAwareCustomizer> (0x000000077294a578) thrown at [C:\re\workspace\8-2-build-windows-amd64-cygwin\jdk8u171\10807\hotspot\src\share\vm\classfile\systemDictionary.cp
Event: 12.315 Thread 0x000000002127a000 Exception <a 'java/lang/ClassNotFoundException': org/springframework/beans/factory/BeanNameAwareCustomizer> (0x0000000772964130) thrown at [C:\re\workspace\8-2-build-windows-amd64-cygwin\jdk8u171\10807\hotspot\src\share\vm\classfile\systemDictionary.cpp, 
Event: 12.323 Thread 0x000000002127a000 Exception <a 'java/lang/ClassNotFoundException': org/springframework/beans/factory/InitializingBeanCustomizer> (0x000000077297e2a0) thrown at [C:\re\workspace\8-2-build-windows-amd64-cygwin\jdk8u171\10807\hotspot\src\share\vm\classfile\systemDictionary.cp
Event: 12.326 Thread 0x000000002127a000 Exception <a 'java/lang/ClassNotFoundException': org/springframework/beans/factory/DisposableBeanCustomizer> (0x0000000772a63a30) thrown at [C:\re\workspace\8-2-build-windows-amd64-cygwin\jdk8u171\10807\hotspot\src\share\vm\classfile\systemDictionary.cpp,
Event: 12.330 Thread 0x000000002127a000 Exception <a 'java/lang/ClassNotFoundException': org/springframework/orm/jpa/EntityManagerFactoryInfoCustomizer> (0x0000000772a7e038) thrown at [C:\re\workspace\8-2-build-windows-amd64-cygwin\jdk8u171\10807\hotspot\src\share\vm\classfile\systemDictionary.
Event: 12.330 Thread 0x000000002127a000 Exception <a 'java/lang/ArrayIndexOutOfBoundsException'> (0x0000000772a81368) thrown at [C:\re\workspace\8-2-build-windows-amd64-cygwin\jdk8u171\10807\hotspot\src\share\vm\runtime\sharedRuntime.cpp, line 605]
Event: 12.337 Thread 0x000000002127a000 Exception <a 'java/lang/ClassNotFoundException': org/springframework/dao/support/PersistenceExceptionTranslatorCustomizer> (0x0000000772aa7cc0) thrown at [C:\re\workspace\8-2-build-windows-amd64-cygwin\jdk8u171\10807\hotspot\src\share\vm\classfile\systemD

Events (10 events):
Event: 12.476 loading class org/hibernate/internal/EntityManagerMessageLogger done
Event: 12.477 loading class org/hibernate/internal/CoreMessageLogger
Event: 12.477 loading class org/hibernate/internal/CoreMessageLogger done
Event: 12.481 loading class org/hibernate/internal/EntityManagerMessageLogger_$logger_en_IN
Event: 12.481 loading class org/hibernate/internal/EntityManagerMessageLogger_$logger_en_IN done
Event: 12.482 loading class org/hibernate/internal/EntityManagerMessageLogger_$logger_en
Event: 12.482 loading class org/hibernate/internal/EntityManagerMessageLogger_$logger_en done
Event: 12.482 loading class org/hibernate/internal/EntityManagerMessageLogger_$logger
Event: 12.482 loading class org/hibernate/internal/EntityManagerMessageLogger_$logger done
Event: 12.492 Executing VM operation: CollectForMetadataAllocation


Dynamic libraries:
0x00007ff60e3f0000 - 0x00007ff60e427000 	C:\Program Files\Java\jre1.8.0_171\bin\javaw.exe
0x00007ff8abff0000 - 0x00007ff8ac1cb000 	C:\WINDOWS\SYSTEM32\ntdll.dll
0x00007ff8ab8c0000 - 0x00007ff8ab96e000 	C:\WINDOWS\System32\KERNEL32.DLL
0x00007ff8a8560000 - 0x00007ff8a87aa000 	C:\WINDOWS\System32\KERNELBASE.dll
0x00007ff8a9ad0000 - 0x00007ff8a9b71000 	C:\WINDOWS\System32\ADVAPI32.dll
0x00007ff8abbc0000 - 0x00007ff8abc5d000 	C:\WINDOWS\System32\msvcrt.dll
0x00007ff8ab860000 - 0x00007ff8ab8b9000 	C:\WINDOWS\System32\sechost.dll
0x00007ff8aba80000 - 0x00007ff8abba5000 	C:\WINDOWS\System32\RPCRT4.dll
0x00007ff8abce0000 - 0x00007ff8abe2a000 	C:\WINDOWS\System32\USER32.dll
0x00007ff8a8d20000 - 0x00007ff8a8d3e000 	C:\WINDOWS\System32\win32u.dll
0x00007ff8abe60000 - 0x00007ff8abe87000 	C:\WINDOWS\System32\GDI32.dll
0x00007ff8a8b90000 - 0x00007ff8a8d18000 	C:\WINDOWS\System32\gdi32full.dll
0x00007ff8a8d40000 - 0x00007ff8a8dda000 	C:\WINDOWS\System32\msvcp_win.dll
0x00007ff8a8980000 - 0x00007ff8a8a76000 	C:\WINDOWS\System32\ucrtbase.dll
0x00007ff8a6e80000 - 0x00007ff8a70e7000 	C:\WINDOWS\WinSxS\amd64_microsoft.windows.common-controls_6595b64144ccf1df_6.0.15063.1155_none_40c7922129a7722b\COMCTL32.dll
0x00007ff8a9630000 - 0x00007ff8a9929000 	C:\WINDOWS\System32\combase.dll
0x00007ff8a94e0000 - 0x00007ff8a954a000 	C:\WINDOWS\System32\bcryptPrimitives.dll
0x00007ff8abe30000 - 0x00007ff8abe5d000 	C:\WINDOWS\System32\IMM32.DLL
0x00007ff8a6e20000 - 0x00007ff8a6e7a000 	C:\PROGRA~2\BMCSOF~1\Marimba\Tuner\lib\MRBHOO~1.DLL
0x00007ff8895b0000 - 0x00007ff889bbc000 	C:\Program Files\McAfee\DLP\Agent\fcagpph64.dll
0x00007ff8aa290000 - 0x00007ff8ab6c8000 	C:\WINDOWS\System32\SHELL32.dll
0x00007ff8a8510000 - 0x00007ff8a8559000 	C:\WINDOWS\System32\cfgmgr32.dll
0x00007ff8a9da0000 - 0x00007ff8a9e4a000 	C:\WINDOWS\System32\shcore.dll
0x00007ff8a3030000 - 0x00007ff8a30ba000 	C:\WINDOWS\SYSTEM32\WINSPOOL.DRV
0x00007ff8a8de0000 - 0x00007ff8a94d1000 	C:\WINDOWS\System32\windows.storage.dll
0x00007ff8abf90000 - 0x00007ff8abfe1000 	C:\WINDOWS\System32\shlwapi.dll
0x00007ff8a8190000 - 0x00007ff8a81b5000 	C:\WINDOWS\SYSTEM32\bcrypt.dll
0x00007ff8a84f0000 - 0x00007ff8a8501000 	C:\WINDOWS\System32\kernel.appcore.dll
0x00007ff8a84a0000 - 0x00007ff8a84ec000 	C:\WINDOWS\System32\powrprof.dll
0x00007ff8a8460000 - 0x00007ff8a8475000 	C:\WINDOWS\System32\profapi.dll
0x00007ff8a9c50000 - 0x00007ff8a9d95000 	C:\WINDOWS\System32\ole32.dll
0x00007ff8a9b90000 - 0x00007ff8a9c50000 	C:\WINDOWS\System32\OLEAUT32.dll
0x00007ff8a9b80000 - 0x00007ff8a9b88000 	C:\WINDOWS\System32\PSAPI.DLL
0x00007ff8a1f50000 - 0x00007ff8a1f67000 	C:\WINDOWS\SYSTEM32\NETAPI32.dll
0x00007ff8a6440000 - 0x00007ff8a644a000 	C:\WINDOWS\SYSTEM32\VERSION.dll
0x00007ff8a4620000 - 0x00007ff8a4633000 	C:\WINDOWS\SYSTEM32\WTSAPI32.dll
0x00007ff8a3110000 - 0x00007ff8a314f000 	C:\WINDOWS\SYSTEM32\LOGONCLI.DLL
0x00007ff8a78d0000 - 0x00007ff8a78dd000 	C:\WINDOWS\SYSTEM32\NETUTILS.DLL
0x00007ff8a6400000 - 0x00007ff8a6431000 	C:\WINDOWS\SYSTEM32\ntmarta.dll
0x00007ff8a6280000 - 0x00007ff8a632c000 	C:\WINDOWS\system32\tmumh\20019\AddOn\7.0.0.1142\TmUmEvt64.dll
0x0000000067a90000 - 0x0000000067bad000 	C:\WINDOWS\system32\tmumh\20019\TmMon\2.5.0.2070\tmmon64.dll
0x0000000062340000 - 0x0000000062412000 	C:\Program Files\Java\jre1.8.0_171\bin\msvcr100.dll
0x00000000640e0000 - 0x0000000064980000 	C:\Program Files\Java\jre1.8.0_171\bin\server\jvm.dll
0x00007ff8a08e0000 - 0x00007ff8a08e9000 	C:\WINDOWS\SYSTEM32\WSOCK32.dll
0x00007ff8abc70000 - 0x00007ff8abcdc000 	C:\WINDOWS\System32\WS2_32.dll
0x00007ff8a4e20000 - 0x00007ff8a4e43000 	C:\WINDOWS\SYSTEM32\WINMM.dll
0x00007ff8a4dc0000 - 0x00007ff8a4deb000 	C:\WINDOWS\SYSTEM32\WINMMBASE.dll
0x0000000065700000 - 0x000000006570f000 	C:\Program Files\Java\jre1.8.0_171\bin\verify.dll
0x00000000640b0000 - 0x00000000640d9000 	C:\Program Files\Java\jre1.8.0_171\bin\java.dll
0x00000000656e0000 - 0x00000000656f6000 	C:\Program Files\Java\jre1.8.0_171\bin\zip.dll
0x0000000065e30000 - 0x0000000065e3d000 	C:\Program Files\Java\jre1.8.0_171\bin\management.dll
0x0000000064060000 - 0x000000006407a000 	C:\Program Files\Java\jre1.8.0_171\bin\net.dll
0x00007ff8a7a40000 - 0x00007ff8a7a9c000 	C:\WINDOWS\system32\mswsock.dll
0x0000000064040000 - 0x0000000064051000 	C:\Program Files\Java\jre1.8.0_171\bin\nio.dll
0x00007ff895810000 - 0x00007ff895826000 	C:\WINDOWS\system32\napinsp.dll
0x00007ff8957f0000 - 0x00007ff89580a000 	C:\WINDOWS\system32\pnrpnsp.dll
0x00007ff8a43a0000 - 0x00007ff8a43b8000 	C:\WINDOWS\system32\NLAapi.dll
0x00007ff8a7820000 - 0x00007ff8a78c4000 	C:\WINDOWS\SYSTEM32\DNSAPI.dll
0x00007ff8abc60000 - 0x00007ff8abc68000 	C:\WINDOWS\System32\NSI.dll
0x00007ff8a77e0000 - 0x00007ff8a7817000 	C:\WINDOWS\SYSTEM32\IPHLPAPI.DLL
0x00007ff895d80000 - 0x00007ff895d8e000 	C:\WINDOWS\System32\winrnr.dll
0x00007ff8957d0000 - 0x00007ff8957e5000 	C:\WINDOWS\System32\wshbth.dll
0x00007ff8a6670000 - 0x00007ff8a667a000 	C:\Windows\System32\rasadhlp.dll
0x00007ff8a0140000 - 0x00007ff8a01ab000 	C:\WINDOWS\System32\fwpuclnt.dll
0x00007ff8a81c0000 - 0x00007ff8a81d7000 	C:\WINDOWS\SYSTEM32\CRYPTSP.dll
0x00007ff8a7330000 - 0x00007ff8a7364000 	C:\WINDOWS\system32\rsaenh.dll
0x00007ff8a8390000 - 0x00007ff8a83b9000 	C:\WINDOWS\SYSTEM32\USERENV.dll
0x00007ff8a7be0000 - 0x00007ff8a7beb000 	C:\WINDOWS\SYSTEM32\CRYPTBASE.dll
0x00007ff8a08c0000 - 0x00007ff8a08d6000 	C:\WINDOWS\SYSTEM32\dhcpcsvc6.DLL
0x00007ff8a0400000 - 0x00007ff8a041a000 	C:\WINDOWS\SYSTEM32\dhcpcsvc.DLL
0x00007ff8a7fe0000 - 0x00007ff8a8189000 	C:\WINDOWS\SYSTEM32\dbghelp.dll

VM Arguments:
jvm_args: -Dcom.sun.management.jmxremote -Dcom.sun.management.jmxremote.port=53591 -Dcom.sun.management.jmxremote.authenticate=false -Dcom.sun.management.jmxremote.ssl=false -Djava.rmi.server.hostname=localhost -Dspring.liveBeansView.mbeanDomain -Dspring.application.admin.enabled=true -Xverify:none -XX:TieredStopAtLevel=1 -Dfile.encoding=UTF-8 
java_command: org.psl.abmss.application.AbmssApplication --spring.output.ansi.enabled=always
java_class_path (initial): C:\Program Files\Java\jre1.8.0_171\lib\resources.jar;C:\Program Files\Java\jre1.8.0_171\lib\rt.jar;C:\Program Files\Java\jre1.8.0_171\lib\jsse.jar;C:\Program Files\Java\jre1.8.0_171\lib\jce.jar;C:\Program Files\Java\jre1.8.0_171\lib\charsets.jar;C:\Program Files\Java\jre1.8.0_171\lib\jfr.jar;C:\Program Files\Java\jre1.8.0_171\lib\ext\access-bridge-64.jar;C:\Program Files\Java\jre1.8.0_171\lib\ext\cldrdata.jar;C:\Program Files\Java\jre1.8.0_171\lib\ext\dnsns.jar;C:\Program Files\Java\jre1.8.0_171\lib\ext\jaccess.jar;C:\Program Files\Java\jre1.8.0_171\lib\ext\jfxrt.jar;C:\Program Files\Java\jre1.8.0_171\lib\ext\localedata.jar;C:\Program Files\Java\jre1.8.0_171\lib\ext\nashorn.jar;C:\Program Files\Java\jre1.8.0_171\lib\ext\sunec.jar;C:\Program Files\Java\jre1.8.0_171\lib\ext\sunjce_provider.jar;C:\Program Files\Java\jre1.8.0_171\lib\ext\sunmscapi.jar;C:\Program Files\Java\jre1.8.0_171\lib\ext\sunpkcs11.jar;C:\Program Files\Java\jre1.8.0_171\lib\ext\zipfs.jar;C:\Users\sourabh_mandal\Documents\workspace-anz-dar\abmss\target\classes;C:\Users\sourabh_mandal\.m2\repository\org\springframework\boot\spring-boot-starter-web\2.0.3.RELEASE\spring-boot-starter-web-2.0.3.RELEASE.jar;C:\Users\sourabh_mandal\.m2\repository\org\springframework\boot\spring-boot-starter\2.0.3.RELEASE\spring-boot-starter-2.0.3.RELEASE.jar;C:\Users\sourabh_mandal\.m2\repository\org\springframework\boot\spring-boot-starter-logging\2.0.3.RELEASE\spring-boot-starter-logging-2.0.3.RELEASE.jar;C:\Users\sourabh_mandal\.m2\repository\ch\qos\logback\logback-classic\1.2.3\logback-classic-1.2.3.jar;C:\Users\sourabh_mandal\.m2\repository\ch\qos\logback\logback-core\1.2.3\logback-core-1.2.3.jar;C:\Users\sourabh_mandal\.m2\repository\org\apache\logging\log4j\log4j-to-slf4j\2.10.0\log4j-to-slf4j-2.10.0.jar;C:\Users\sourabh_mandal\.m2\repository\org\apache\logging\log4j\log4j-api\2.10.0\log4j-api-2.10.0.jar;C:\Users\sourabh_mandal\.m2\repository\org\slf4j\jul-to-slf4j\1.7.25\jul-to-slf4j-1.
Launcher Type: SUN_STANDARD

Environment Variables:
JAVA_HOME=C:\Program Files\Java\jdk1.8.0_151
JRE_HOME=C:\Program Files\Java\jre1.8.0_161
USERNAME=sourabh_mandal
OS=Windows_NT
PROCESSOR_IDENTIFIER=Intel64 Family 6 Model 58 Stepping 9, GenuineIntel



---------------  S Y S T E M  ---------------

OS: Windows 10.0 , 64 bit Build 15063 (10.0.15063.1058)

CPU:total 4 (initial active 4) (2 cores per cpu, 2 threads per core) family 6 model 58 stepping 9, cmov, cx8, fxsr, mmx, sse, sse2, sse3, ssse3, sse4.1, sse4.2, popcnt, avx, aes, clmul, erms, ht, tsc, tscinvbit, tscinv

Memory: 4k page, physical 16637464k(7299788k free), swap 24763928k(10879624k free)

vm_info: Java HotSpot(TM) 64-Bit Server VM (25.171-b11) for windows-amd64 JRE (1.8.0_171-b11), built on Mar 28 2018 16:06:12 by "java_re" with MS VC++ 10.0 (VS2010)

time: Mon Aug 13 18:36:39 2018
elapsed time: 12 seconds (0d 0h 0m 12s)

